63.100000 0.000 0.000 0.00000 0.000 -1 1611856729.518419
65.110000 0.000 0.000 0.00000 0.000 -1 1611856729.561038
65.120000 0.000 0.000 0.00000 0.000 -1 1611856729.561063
65.490000 0.003 0.000 -0.00000 0.000 -1 1611856729.906766
65.550000 0.006 -0.000 -0.00040 0.000 -1 1611856729.966763
65.600000 0.010 -0.000 -0.00000 0.000 -1 1611856730.016374
65.640000 0.013 -0.000 -0.00000 0.000 -1 1611856730.057471
65.680000 0.017 -0.000 -0.00000 0.000 -1 1611856730.096471
65.710000 0.020 -0.000 -0.00040 0.000 -1 1611856730.126451
65.740000 0.023 -0.000 -0.00040 0.000 -1 1611856730.157647
65.770000 0.027 -0.000 -0.00040 0.000 -1 1611856730.186368
65.800000 0.031 -0.000 -0.00000 0.000 -1 1611856730.217776
65.830000 0.035 -0.000 -0.00000 0.000 -1 1611856730.247738
65.850000 0.038 -0.000 -0.00000 0.000 -1 1611856730.270170
65.870000 0.041 -0.000 -0.00000 0.000 -1 1611856730.290825
65.890000 0.044 -0.000 0.00040 0.000 -1 1611856730.308943
65.910000 0.048 -0.000 -0.00040 0.000 -1 1611856730.334174
65.930000 0.051 -0.000 -0.00040 0.000 -1 1611856730.346909
65.950000 0.055 -0.000 -0.00000 0.000 -1 1611856730.369648
65.970000 0.058 -0.000 -0.00000 0.000 -1 1611856730.388205
65.990000 0.062 -0.000 -0.00040 0.000 -1 1611856730.407932
66.010000 0.066 -0.000 -0.00000 0.000 -1 1611856730.426730
66.030000 0.070 -0.000 -0.00000 0.000 -1 1611856730.446728
66.050000 0.074 -0.000 -0.00000 0.000 -1 1611856730.467394
66.070000 0.079 -0.000 -0.00000 0.000 -1 1611856730.487232
66.090000 0.083 -0.000 -0.00000 0.000 -1 1611856730.507879
66.110000 0.088 -0.000 -0.00000 0.000 -1 1611856730.527013
66.130000 0.092 -0.000 -0.00000 0.000 -1 1611856730.547204
66.150000 0.097 -0.000 -0.00000 0.000 -1 1611856730.566887
66.170000 0.102 -0.000 -0.00000 0.000 -1 1611856730.587453
66.190000 0.107 -0.000 0.00040 0.000 -1 1611856730.615498
66.210000 0.112 -0.000 -0.00000 0.000 -1 1611856730.658542
66.230000 0.117 -0.000 -0.00000 0.000 -1 1611856730.676831
66.250000 0.123 -0.000 -0.00000 0.000 -1 1611856730.701695
66.270000 0.128 -0.000 -0.00000 0.000 -1 1611856730.732874
66.290000 0.134 -0.000 -0.00000 0.000 -1 1611856730.773884
66.310000 0.140 -0.000 -0.00000 0.000 -1 1611856730.801994
66.330000 0.145 -0.000 -0.00000 0.000 -1 1611856730.822354
66.340000 0.148 -0.000 0.00040 0.000 -1 1611856730.826813
66.350000 0.151 -0.000 -0.00000 0.000 -1 1611856730.837831
66.360000 0.154 -0.000 -0.00000 0.000 -1 1611856730.850132
66.370000 0.157 -0.000 -0.00000 0.000 -1 1611856730.857779
66.390000 0.163 -0.000 -0.00000 0.000 -1 1611856730.890304
66.400000 0.166 -0.000 -0.00000 0.000 -1 1611856730.901692
66.410000 0.169 -0.000 0.00040 0.000 -1 1611856730.909661
66.420000 0.172 -0.000 -0.00000 0.000 -1 1611856730.917878
66.430000 0.175 -0.000 -0.00000 0.000 -1 1611856730.927300
66.440000 0.178 -0.000 -0.00000 0.000 -1 1611856730.943755
66.450000 0.181 -0.000 -0.00000 0.000 -1 1611856730.946398
66.460000 0.184 -0.000 -0.00000 0.000 -1 1611856730.964054
66.470000 0.187 -0.000 -0.00000 0.000 -1 1611856730.972633
66.480000 0.190 -0.000 0.00040 0.000 -1 1611856730.979051
66.500000 0.196 -0.000 -0.00000 0.000 -1 1611856731.022617
66.510000 0.199 -0.000 -0.00000 0.000 -1 1611856731.034972
66.520000 0.202 -0.000 -0.00000 0.000 -1 1611856731.036819
66.530000 0.205 -0.000 -0.00000 0.000 -1 1611856731.048113
66.540000 0.208 -0.000 -0.00000 0.000 -1 1611856731.056351
66.550000 0.211 -0.000 0.00040 0.000 -1 1611856731.070663
66.560000 0.214 -0.000 -0.00000 0.000 -1 1611856731.086631
66.570000 0.217 -0.000 -0.00000 0.000 -1 1611856731.097638
66.580000 0.220 -0.000 -0.00000 0.000 -1 1611856731.112806
66.600000 0.226 -0.000 -0.00000 0.000 -1 1611856731.129206
66.610000 0.229 -0.000 -0.00000 0.000 -1 1611856731.139236
66.620000 0.232 -0.000 0.00040 0.000 -1 1611856731.153759
66.630000 0.235 0.000 -0.00000 0.000 -1 1611856731.156932
66.640000 0.238 0.000 -0.00000 0.000 -1 1611856731.176037
66.650000 0.241 0.000 -0.00000 0.000 -1 1611856731.185805
66.660000 0.244 0.000 0.00040 0.000 -1 1611856731.211140
66.670000 0.247 0.000 -0.00000 0.000 -1 1611856731.216952
66.680000 0.250 0.000 -0.00000 0.000 -1 1611856731.231846
66.690000 0.253 0.000 0.00040 0.000 -1 1611856731.237917
66.700000 0.256 0.000 -0.00000 0.000 -1 1611856731.249637
66.710000 0.259 0.000 -0.00000 0.000 -1 1611856731.263190
66.720000 0.262 0.000 -0.00000 0.000 -1 1611856731.268093
66.730000 0.265 0.000 0.00040 0.000 -1 1611856731.276987
66.740000 0.268 0.000 -0.00000 0.000 -1 1611856731.291045
66.760000 0.274 0.000 0.00040 0.000 -1 1611856731.310058
66.770000 0.277 0.000 -0.00000 0.000 -1 1611856731.316693
66.780000 0.280 0.000 -0.00000 0.000 -1 1611856731.326656
66.790000 0.283 0.000 -0.00000 0.000 -1 1611856731.337427
66.800000 0.286 0.000 0.00040 0.000 -1 1611856731.347102
66.810000 0.289 0.000 -0.00000 0.000 -1 1611856731.357575
66.820000 0.292 0.000 -0.00000 0.000 -1 1611856731.369896
66.830000 0.295 0.000 -0.00000 0.000 -1 1611856731.377006
66.840000 0.298 0.000 -0.00000 0.000 -1 1611856731.395835
66.850000 0.301 0.000 -0.00000 0.000 -1 1611856731.396466
66.860000 0.304 0.000 -0.00000 0.000 -1 1611856731.412250
66.870000 0.307 0.000 0.00040 0.000 -1 1611856731.417670
66.880000 0.310 0.000 -0.00000 0.000 -1 1611856731.426597
66.890000 0.313 0.000 -0.00000 0.000 -1 1611856731.437531
66.900000 0.316 0.000 -0.00000 0.000 -1 1611856731.447011
66.910000 0.319 0.000 -0.00000 0.000 -1 1611856731.456802
66.920000 0.322 0.000 -0.00000 0.000 -1 1611856731.466722
66.930000 0.325 0.000 -0.00000 0.000 -1 1611856731.477565
66.940000 0.328 0.000 0.00040 0.000 -1 1611856731.486348
66.960000 0.334 0.000 -0.00000 0.000 -1 1611856731.507239
66.970000 0.337 0.000 -0.00000 0.000 -1 1611856731.516438
66.980000 0.340 0.000 -0.00000 0.000 -1 1611856731.526248
66.990000 0.343 0.000 -0.00000 0.000 -1 1611856731.536915
67.000000 0.346 0.000 -0.00000 0.000 -1 1611856731.546769
67.010000 0.349 0.000 0.00040 0.000 -1 1611856731.556791
67.020000 0.352 0.000 -0.00000 0.000 -1 1611856731.567154
67.030000 0.355 0.000 -0.00000 0.000 -1 1611856731.578038
67.040000 0.358 0.000 -0.00000 0.000 -1 1611856731.586683
67.050000 0.361 0.000 -0.00000 0.000 -1 1611856731.596412
67.060000 0.364 0.000 -0.00000 0.000 -1 1611856731.606856
67.070000 0.367 0.000 -0.00000 0.000 -1 1611856731.616664
67.080000 0.370 0.000 0.00040 0.000 -1 1611856731.626741
67.090000 0.373 0.000 -0.00000 0.000 -1 1611856731.636417
67.100000 0.376 0.000 -0.00000 0.000 -1 1611856731.646289
67.110000 0.379 0.000 -0.00000 0.000 -1 1611856731.656275
67.120000 0.382 0.000 0.00040 0.000 -1 1611856731.667295
67.130000 0.385 0.000 -0.00000 0.000 -1 1611856731.676315
67.140000 0.388 0.000 -0.00000 0.000 -1 1611856731.686356
67.150000 0.391 0.000 0.00040 0.000 -1 1611856731.696874
67.170000 0.397 0.000 -0.00000 0.000 -1 1611856731.717467
67.180000 0.400 0.000 -0.00000 0.000 -1 1611856731.727074
67.190000 0.403 0.000 0.00040 0.000 -1 1611856731.737138
67.200000 0.406 0.000 -0.00000 0.000 -1 1611856731.746435
67.210000 0.409 0.000 -0.00000 0.000 -1 1611856731.756787
67.220000 0.412 0.000 0.00040 0.000 -1 1611856731.766527
67.230000 0.415 0.000 -0.00000 0.000 -1 1611856731.776258
67.240000 0.418 0.000 -0.00000 0.000 -1 1611856731.786316
67.250000 0.421 0.000 -0.00000 0.000 -1 1611856731.797188
67.260000 0.424 0.000 0.00040 0.000 -1 1611856731.807891
67.270000 0.427 0.000 -0.00000 0.000 -1 1611856731.816421
67.280000 0.430 0.000 -0.00000 0.000 -1 1611856731.826663
67.290000 0.433 0.000 -0.00000 0.000 -1 1611856731.837145
67.300000 0.436 0.000 -0.00000 0.000 -1 1611856731.846761
67.310000 0.439 0.000 -0.00000 0.000 -1 1611856731.856545
67.320000 0.442 0.000 -0.00000 0.000 -1 1611856731.867260
67.330000 0.445 0.000 0.00040 0.000 -1 1611856731.877094
67.340000 0.448 0.000 -0.00000 0.000 -1 1611856731.886876
67.350000 0.451 0.000 -0.00000 0.000 -1 1611856731.896547
67.360000 0.454 0.000 -0.00000 0.000 -1 1611856731.906914
67.380000 0.460 0.000 -0.00000 0.000 -1 1611856731.926763
67.390000 0.463 0.000 -0.00000 0.000 -1 1611856731.936428
67.400000 0.466 0.000 0.00040 0.000 -1 1611856731.946287
67.410000 0.469 0.000 -0.00000 0.000 -1 1611856731.957029
67.420000 0.472 0.000 -0.00000 0.000 -1 1611856731.966659
67.430000 0.475 0.000 -0.00000 0.000 -1 1611856731.976456
67.440000 0.478 0.000 -0.00000 0.000 -1 1611856731.986310
67.450000 0.481 0.000 -0.00000 0.000 -1 1611856731.996969
67.460000 0.484 0.000 -0.00000 0.000 -1 1611856732.007163
67.470000 0.487 0.000 0.00040 0.000 -1 1611856732.016599
67.480000 0.490 0.000 -0.00000 0.000 -1 1611856732.026393
67.490000 0.493 0.000 -0.00000 0.000 -1 1611856732.036269
67.500000 0.496 0.000 -0.00000 0.000 -1 1611856732.047007
67.510000 0.499 0.000 -0.00000 0.000 -1 1611856732.056589
67.530000 0.505 0.000 -0.00000 0.000 -1 1611856732.076716
67.540000 0.508 0.000 0.00040 0.000 -1 1611856732.086652
67.550000 0.511 0.000 -0.00000 0.000 -1 1611856732.097370
67.560000 0.514 0.000 -0.00000 0.000 -1 1611856732.106955
67.570000 0.517 0.000 -0.00000 0.000 -1 1611856732.116677
67.580000 0.520 0.000 0.00040 0.000 -1 1611856732.127820
67.590000 0.523 0.000 -0.00000 0.000 -1 1611856732.136671
67.600000 0.526 0.000 -0.00000 0.000 -1 1611856732.147121
67.610000 0.529 0.000 0.00040 0.000 -1 1611856732.156704
67.620000 0.532 0.000 -0.00000 0.000 -1 1611856732.166668
67.630000 0.535 0.000 -0.00000 0.000 -1 1611856732.177402
67.640000 0.538 0.000 -0.00000 0.000 -1 1611856732.186300
67.650000 0.541 0.000 0.00040 0.000 -1 1611856732.197227
67.660000 0.544 0.000 -0.00000 0.000 -1 1611856732.207008
67.670000 0.547 0.000 -0.00000 0.000 -1 1611856732.216832
67.680000 0.550 0.000 0.00040 0.000 -1 1611856732.226625
67.690000 0.553 0.000 -0.00000 0.000 -1 1611856732.236448
67.700000 0.556 0.000 -0.00000 0.000 -1 1611856732.247243
67.710000 0.559 0.000 -0.00000 0.000 -1 1611856732.256681
67.720000 0.562 0.000 0.00040 0.000 -1 1611856732.267281
67.730000 0.565 0.000 -0.00000 0.000 -1 1611856732.277261
67.740000 0.568 0.000 -0.00000 0.000 -1 1611856732.294124
67.750000 0.571 0.000 -0.00000 0.000 -1 1611856732.297219
67.760000 0.574 0.000 -0.00000 0.000 -1 1611856732.310733
67.770000 0.577 0.000 -0.00000 0.000 -1 1611856732.317854
67.780000 0.580 0.000 -0.00000 0.000 -1 1611856732.332179
67.790000 0.583 0.000 0.00040 0.000 -1 1611856732.338445
67.800000 0.586 0.000 -0.00000 0.000 -1 1611856732.355257
67.810000 0.589 0.000 -0.00000 0.000 -1 1611856732.363706
67.820000 0.592 0.000 -0.00000 0.000 -1 1611856732.366373
67.830000 0.595 0.000 -0.00000 0.000 -1 1611856732.376866
67.840000 0.598 0.000 -0.00000 0.000 -1 1611856732.386642
67.850000 0.601 0.000 -0.00000 0.000 -1 1611856732.396801
67.860000 0.604 0.000 0.00040 0.000 -1 1611856732.406659
67.870000 0.607 0.000 -0.00000 0.000 -1 1611856732.417020
67.880000 0.610 0.000 -0.00000 0.000 -1 1611856732.427036
67.900000 0.616 0.000 -0.00000 0.000 -1 1611856732.446529
67.910000 0.619 0.000 -0.00000 0.000 -1 1611856732.456857
67.920000 0.622 0.000 -0.00000 0.000 -1 1611856732.467173
67.930000 0.625 0.000 0.00040 0.000 -1 1611856732.478262
67.940000 0.628 0.000 -0.00000 0.000 -1 1611856732.486368
67.950000 0.631 0.000 -0.00000 0.000 -1 1611856732.496541
67.960000 0.634 0.000 -0.00000 0.000 -1 1611856732.506877
67.970000 0.637 0.000 -0.00000 0.000 -1 1611856732.516665
67.980000 0.640 0.000 -0.00000 0.000 -1 1611856732.526518
67.990000 0.643 0.000 -0.00000 0.000 -1 1611856732.537506
68.000000 0.646 0.000 0.00040 0.000 -1 1611856732.546933
68.010000 0.649 0.000 -0.00000 0.000 -1 1611856732.556915
68.020000 0.652 0.000 -0.00000 0.000 -1 1611856732.566653
68.030000 0.655 0.000 -0.00000 0.000 -1 1611856732.576397
68.040000 0.658 0.000 0.00040 0.000 -1 1611856732.586976
68.050000 0.661 0.000 -0.00000 0.000 -1 1611856732.596725
68.060000 0.664 0.000 -0.00000 0.000 -1 1611856732.607156
68.070000 0.667 0.000 0.00040 0.000 -1 1611856732.617378
68.080000 0.670 0.000 -0.00000 0.000 -1 1611856732.626399
68.090000 0.673 0.000 -0.00000 0.000 -1 1611856732.637653
68.100000 0.676 0.000 -0.00000 0.000 -1 1611856732.647313
68.110000 0.679 0.000 0.00040 0.000 -1 1611856732.657323
68.120000 0.682 0.000 -0.00000 0.000 -1 1611856732.669377
68.130000 0.685 0.000 -0.00000 0.000 -1 1611856732.688438
68.140000 0.688 0.000 0.00040 0.000 -1 1611856732.696716
68.150000 0.691 0.000 -0.00000 0.000 -1 1611856732.706939
68.160000 0.694 0.000 -0.00000 0.000 -1 1611856732.716234
68.170000 0.697 0.000 -0.00000 0.000 -1 1611856732.726892
68.180000 0.700 0.000 0.00040 0.000 -1 1611856732.736707
68.190000 0.703 0.000 -0.00000 0.000 -1 1611856732.746511
68.200000 0.706 0.000 -0.00000 0.000 -1 1611856732.757091
68.210000 0.709 0.000 -0.00000 0.000 -1 1611856732.766779
68.220000 0.712 0.000 -0.00000 0.000 -1 1611856732.776669
68.230000 0.715 0.000 -0.00000 0.000 -1 1611856732.786349
68.240000 0.718 0.000 -0.00000 0.000 -1 1611856732.797339
68.250000 0.721 0.000 0.00040 0.000 -1 1611856732.806369
68.260000 0.724 0.000 -0.00000 0.000 -1 1611856732.816624
68.270000 0.727 0.000 -0.00000 0.000 -1 1611856732.826719
68.280000 0.730 0.000 -0.00000 0.000 -1 1611856732.837438
68.290000 0.733 0.000 -0.00000 0.000 -1 1611856732.846317
68.300000 0.736 0.000 -0.00000 0.000 -1 1611856732.857188
68.320000 0.742 0.000 0.00040 0.000 -1 1611856732.881800
68.330000 0.745 0.000 -0.00000 0.000 -1 1611856732.886300
68.340000 0.748 0.000 -0.00000 0.000 -1 1611856732.904041
68.350000 0.751 0.000 -0.00000 0.000 -1 1611856732.906640
68.360000 0.754 0.000 -0.00000 0.000 -1 1611856732.919773
68.370000 0.757 0.000 -0.00000 0.000 -1 1611856732.930456
68.380000 0.760 0.000 -0.00000 0.000 -1 1611856732.942391
68.390000 0.763 0.000 0.00040 0.000 -1 1611856732.948885
68.400000 0.766 0.000 -0.00000 0.000 -1 1611856732.962555
68.410000 0.769 0.000 -0.00000 0.000 -1 1611856732.968357
68.420000 0.772 0.000 -0.00000 0.000 -1 1611856732.978394
68.430000 0.775 0.000 -0.00000 0.000 -1 1611856732.986850
68.440000 0.778 0.000 -0.00000 0.000 -1 1611856733.003461
68.450000 0.781 0.000 -0.00000 0.000 -1 1611856733.007907
68.460000 0.784 0.000 0.00040 0.000 -1 1611856733.018229
68.470000 0.787 0.000 -0.00000 0.000 -1 1611856733.033460
68.480000 0.790 0.000 -0.00000 0.000 -1 1611856733.037356
68.490000 0.793 0.000 -0.00000 0.000 -1 1611856733.048409
68.500000 0.796 0.000 0.00040 0.000 -1 1611856733.062770
68.510000 0.799 0.000 -0.00000 0.000 -1 1611856733.068870
68.520000 0.802 0.000 -0.00000 0.000 -1 1611856733.077121
68.530000 0.805 0.000 0.00040 0.000 -1 1611856733.086736
68.540000 0.808 0.000 -0.00000 0.000 -1 1611856733.096640
68.550000 0.811 0.000 -0.00000 0.000 -1 1611856733.106470
68.560000 0.814 0.000 -0.00000 0.000 -1 1611856733.116291
68.570000 0.817 0.000 0.00040 0.000 -1 1611856733.127058
68.580000 0.820 0.000 -0.00000 0.000 -1 1611856733.136864
68.590000 0.823 0.000 -0.00000 0.000 -1 1611856733.146682
68.600000 0.826 0.000 0.00040 0.000 -1 1611856733.156772
68.610000 0.829 0.000 -0.00000 0.000 -1 1611856733.167142
68.620000 0.832 0.000 -0.00000 0.000 -1 1611856733.176790
68.630000 0.835 0.000 -0.00000 0.000 -1 1611856733.186669
68.640000 0.838 0.000 0.00040 0.000 -1 1611856733.196551
68.650000 0.841 0.000 -0.00000 0.000 -1 1611856733.206653
68.660000 0.844 0.000 -0.00000 0.000 -1 1611856733.217030
68.670000 0.847 0.000 -0.00000 0.000 -1 1611856733.226605
68.680000 0.850 0.000 -0.00000 0.000 -1 1611856733.236432
68.690000 0.853 0.000 -0.00000 0.000 -1 1611856733.248068
68.700000 0.856 0.000 -0.00000 0.000 -1 1611856733.257068
68.710000 0.859 0.000 0.00040 0.000 -1 1611856733.266387
68.720000 0.862 0.000 -0.00000 0.000 -1 1611856733.276418
68.740000 0.868 0.000 -0.00000 0.000 -1 1611856733.297188
68.760000 0.874 0.000 -0.00000 0.000 -1 1611856733.317336
68.780000 0.880 0.000 -0.00000 0.000 -1 1611856733.336332
68.800000 0.885 0.000 -0.00000 0.000 -1 1611856733.357475
68.820000 0.891 0.000 -0.00000 0.000 -1 1611856733.378330
68.840000 0.896 0.000 -0.00000 0.000 -1 1611856733.397196
68.860000 0.901 0.000 0.00040 0.000 -1 1611856733.417608
68.880000 0.906 0.000 -0.00000 0.000 -1 1611856733.436918
68.900000 0.911 0.000 -0.00000 0.000 -1 1611856733.456972
68.920000 0.916 0.000 -0.00000 0.000 -1 1611856733.476793
68.940000 0.920 0.000 -0.00000 0.000 -1 1611856733.497284
68.960000 0.925 0.000 -0.00000 0.000 -1 1611856733.517129
68.980000 0.929 0.000 -0.00000 0.000 -1 1611856733.537527
69.000000 0.934 0.000 -0.00000 0.000 -1 1611856733.557183
69.020000 0.938 0.000 -0.00000 0.000 -1 1611856733.576902
69.040000 0.942 0.000 -0.00000 0.000 -1 1611856733.596422
69.060000 0.946 0.000 -0.00000 0.000 -1 1611856733.617301
69.080000 0.950 0.000 -0.00000 0.000 -1 1611856733.637331
69.100000 0.953 0.000 -0.00000 0.000 -1 1611856733.657576
69.120000 0.957 0.000 -0.00000 0.000 -1 1611856733.678008
69.140000 0.960 0.000 0.00040 0.000 -1 1611856733.696753
69.160000 0.963 0.000 -0.00000 0.000 -1 1611856733.716933
69.180000 0.966 0.000 -0.00000 0.000 -1 1611856733.736300
69.200000 0.969 0.000 -0.00040 0.000 -1 1611856733.756243
69.230000 0.974 0.000 -0.00040 0.000 -1 1611856733.786240
69.260000 0.978 0.000 -0.00040 0.000 -1 1611856733.816682
69.290000 0.981 0.000 -0.00040 0.000 -1 1611856733.846222
69.320000 0.985 0.000 -0.00040 0.000 -1 1611856733.876573
69.350000 0.988 0.000 -0.00040 0.000 -1 1611856733.906350
69.390000 0.992 0.000 -0.00000 0.000 -1 1611856733.946837
69.430000 0.995 0.000 -0.00000 0.000 -1 1611856733.986411
69.480000 0.998 0.000 0.00040 0.000 -1 1611856734.037127
69.510000 0.998 0.000 0.00950 0.000 -1 1611856734.068675
69.520000 0.998 0.000 0.01500 0.000 -1 1611856734.076786
69.530000 0.998 0.000 0.02050 0.000 -1 1611856734.089829
69.540000 0.998 0.000 0.02680 0.000 -1 1611856734.100051
69.550000 0.998 0.000 0.03270 0.000 -1 1611856734.113100
69.560000 0.998 0.000 0.03860 0.000 -1 1611856734.117679
69.570000 0.998 0.000 0.04570 0.000 -1 1611856734.130034
69.580000 0.998 0.000 0.05280 0.000 -1 1611856734.141235
69.590000 0.998 0.000 0.05990 0.000 -1 1611856734.147880
69.600000 0.998 0.000 0.06660 0.000 -1 1611856734.161367
69.610000 0.998 0.000 0.07410 0.000 -1 1611856734.168920
69.620000 0.998 0.000 0.08200 0.000 -1 1611856734.182739
69.630000 0.998 0.000 0.08980 0.000 -1 1611856734.186618
69.640000 0.998 0.000 0.09810 0.000 -1 1611856734.196405
69.650000 0.998 0.000 0.10640 0.000 -1 1611856734.210837
69.660000 0.998 0.000 0.11510 0.000 -1 1611856734.216390
69.670000 0.998 0.000 0.12450 0.000 -1 1611856734.227438
69.680000 0.998 0.000 0.13360 0.000 -1 1611856734.239199
69.690000 0.998 0.000 0.14260 0.000 -1 1611856734.246271
69.700000 0.998 0.000 0.15210 0.000 -1 1611856734.257192
69.710000 0.998 0.000 0.16190 0.000 -1 1611856734.266777
69.720000 0.998 0.000 0.17180 0.000 -1 1611856734.277977
69.730000 0.998 0.000 0.18200 0.000 -1 1611856734.291628
69.740000 0.998 0.000 0.19270 0.000 -1 1611856734.299225
69.750000 0.998 0.000 0.20330 0.000 -1 1611856734.310031
69.760000 0.998 0.000 0.21440 0.000 -1 1611856734.319420
69.770000 0.998 0.000 0.22580 0.000 -1 1611856734.333303
69.780000 0.998 0.000 0.23720 0.000 -1 1611856734.343853
69.790000 0.998 0.000 0.24900 0.000 -1 1611856734.352565
69.800000 0.998 0.000 0.26050 0.000 -1 1611856734.358363
69.810000 0.998 0.000 0.27270 0.000 -1 1611856734.369805
69.820000 0.998 0.000 0.28530 0.000 -1 1611856734.376907
69.830000 0.998 0.000 0.29710 0.000 -1 1611856734.386546
69.840000 0.998 0.000 0.31050 0.000 -1 1611856734.397410
69.850000 0.998 0.000 0.32350 0.000 -1 1611856734.413730
69.860000 0.998 0.000 0.33650 0.000 -1 1611856734.426340
69.870000 0.998 0.000 0.35070 0.000 -1 1611856734.592295
69.880000 0.998 0.000 0.36410 0.000 -1 1611856734.707262
69.890000 0.998 0.000 0.37830 0.000 -1 1611856734.717856
69.900000 0.998 0.000 0.39210 0.000 -1 1611856734.728112
69.910000 0.998 0.000 0.40660 0.000 -1 1611856734.742255
69.920000 0.998 0.000 0.42120 0.000 -1 1611856734.747446
69.930000 0.998 0.000 0.43580 0.000 -1 1611856734.758897
69.940000 0.998 0.000 0.45120 0.000 -1 1611856734.770650
69.950000 0.998 0.000 0.46650 0.000 -1 1611856734.783717
69.960000 0.998 0.000 0.48190 0.000 -1 1611856734.795301
69.970000 0.998 0.000 0.49810 0.000 -1 1611856734.802669
69.980000 0.998 0.000 0.51420 0.000 -1 1611856734.817611
69.990000 0.998 0.000 0.53040 0.000 -1 1611856734.832429
70.000000 0.998 0.000 0.54650 0.000 -1 1611856734.845661
70.010000 0.998 0.000 0.56350 0.000 -1 1611856734.853327
70.020000 0.998 0.000 0.58040 0.000 -1 1611856734.857198
70.030000 0.998 0.000 0.59740 0.000 -1 1611856734.870937
70.040000 0.998 0.000 0.61510 0.000 -1 1611856734.877929
70.050000 0.998 0.000 0.63280 0.000 -1 1611856734.886839
70.060000 0.998 0.000 0.65020 0.000 -1 1611856734.898683
70.070000 0.998 0.000 0.66910 0.000 -1 1611856734.917717
70.080000 0.998 0.000 0.68720 0.000 -1 1611856734.932360
70.090000 0.998 0.000 0.70610 0.000 -1 1611856734.953885
70.100000 0.998 0.000 0.72420 0.000 -1 1611856734.959148
70.110000 0.998 0.000 0.74360 0.000 -1 1611856734.981835
70.120000 0.998 0.000 0.76290 0.000 -1 1611856734.995037
70.130000 0.998 0.000 0.78180 0.000 -1 1611856735.003035
70.140000 0.998 0.000 0.80230 0.000 -1 1611856735.006576
70.150000 0.998 0.000 0.82200 0.000 -1 1611856735.025238
70.160000 0.998 0.000 0.84210 0.000 -1 1611856735.034210
70.170000 0.998 0.000 0.86220 0.000 -1 1611856735.037661
70.180000 0.998 0.000 0.88190 0.000 -1 1611856735.059256
70.190000 0.998 0.000 0.90120 0.000 -1 1611856735.082910
70.200000 0.998 0.000 0.91970 0.000 -1 1611856735.088114
70.210000 0.998 0.000 0.93820 0.000 -1 1611856735.096992
70.220000 0.998 0.000 0.95590 0.000 -1 1611856735.108983
70.230000 0.998 0.000 0.97250 0.000 -1 1611856735.119009
70.240000 0.998 0.000 0.98980 0.000 -1 1611856735.130435
70.250000 0.998 0.000 1.00560 0.000 -1 1611856735.145440
70.260000 0.998 0.000 1.02130 0.000 -1 1611856735.157708
70.270000 0.998 0.000 1.03630 0.000 -1 1611856735.180311
70.280000 0.998 0.000 1.05130 0.000 -1 1611856735.199534
70.290000 0.998 0.000 1.06510 0.000 -1 1611856735.212790
70.300000 0.998 0.000 1.07890 0.000 -1 1611856735.217336
70.310000 0.998 0.000 1.09230 0.000 -1 1611856735.234925
70.320000 0.998 0.000 1.10410 0.000 -1 1611856735.236993
70.330000 0.998 0.000 1.11670 0.000 -1 1611856735.249234
70.340000 0.998 0.000 1.12810 0.000 -1 1611856735.257153
70.350000 0.998 0.000 1.13880 0.000 -1 1611856735.266632
70.360000 0.998 0.000 1.14980 0.000 -1 1611856735.281928
70.370000 0.998 0.000 1.15970 0.000 -1 1611856735.294333
70.380000 0.998 0.000 1.16870 0.000 -1 1611856735.297363
70.390000 0.998 0.000 1.17740 0.000 -1 1611856735.307440
70.400000 0.998 0.000 1.18610 0.000 -1 1611856735.323938
70.410000 0.998 0.000 1.19350 0.000 -1 1611856735.333541
70.420000 0.998 0.000 1.20020 0.000 -1 1611856735.336597
70.430000 0.998 0.000 1.20650 0.000 -1 1611856735.353784
70.440000 0.998 0.000 1.21210 0.000 -1 1611856735.356636
70.450000 0.998 0.000 1.21760 0.000 -1 1611856735.371714
